-------------------------------------------------------------------------------
Test set: database.StatementTest
-------------------------------------------------------------------------------
Tests run: 1, Failures: 0, Errors: 1, Skipped: 0, Time elapsed: 7.436 s <<< FAILURE! - in database.StatementTest
testCountRecord  Time elapsed: 0.011 s  <<< ERROR!
java.lang.ExceptionInInitializerError
	at database.StatementTest.<init>(StatementTest.java:23)
Caused by: com.zaxxer.hikari.pool.HikariPool$PoolInitializationException: 
Failed to initialize pool: Communications link failure

The last packet sent successfully to the server was 0 milliseconds ago. The driver has not received any packets from the server.
	at database.StatementTest.<init>(StatementTest.java:23)
Caused by: com.mysql.cj.jdbc.exceptions.CommunicationsException: 
Communications link failure

The last packet sent successfully to the server was 0 milliseconds ago. The driver has not received any packets from the server.
	at database.StatementTest.<init>(StatementTest.java:23)
Caused by: com.mysql.cj.exceptions.CJCommunicationsException: 
Communications link failure

The last packet sent successfully to the server was 0 milliseconds ago. The driver has not received any packets from the server.
	at database.StatementTest.<init>(StatementTest.java:23)
Caused by: java.net.ConnectException: Connection refused: connect
	at database.StatementTest.<init>(StatementTest.java:23)

